[debug] [2024-06-24T15:44:33.754Z] ----------------------------------------------------------------------
[debug] [2024-06-24T15:44:33.757Z] Command:       /home/laura/.nvm/versions/node/v20.13.1/bin/node /usr/local/node/bin/firebase init
[debug] [2024-06-24T15:44:33.757Z] CLI Version:   13.8.1
[debug] [2024-06-24T15:44:33.757Z] Platform:      linux
[debug] [2024-06-24T15:44:33.757Z] Node Version:  v20.13.1
[debug] [2024-06-24T15:44:33.758Z] Time:          Mon Jun 24 2024 10:44:33 GMT-0500 (Central Daylight Time)
[debug] [2024-06-24T15:44:33.758Z] ----------------------------------------------------------------------
[debug] 
[debug] [2024-06-24T15:44:33.762Z] > command requires scopes: ["email","openid","https://www.googleapis.com/auth/cloudplatformprojects.readonly","https://www.googleapis.com/auth/firebase","https://www.googleapis.com/auth/cloud-platform"]
[debug] [2024-06-24T15:44:33.763Z] > authorizing via signed-in user (mesafernandezlauraelena@gmail.com)
[info] 
     ######## #### ########  ######## ########     ###     ######  ########
     ##        ##  ##     ## ##       ##     ##  ##   ##  ##       ##
     ######    ##  ########  ######   ########  #########  ######  ######
     ##        ##  ##    ##  ##       ##     ## ##     ##       ## ##
     ##       #### ##     ## ######## ########  ##     ##  ######  ########

You're about to initialize a Firebase project in this directory:

  /home/laura/Documents/Angular/quizz-app

[info] 
=== Project Setup
[info] 
[info] First, let's associate this project directory with a Firebase project.
[info] You can create multiple project aliases by running firebase use --add, 
[info] but for now we'll just set up a default project.
[info] 
[debug] [2024-06-24T15:47:20.464Z] > refreshing access token with scopes: []
[debug] [2024-06-24T15:47:20.476Z] >>> [apiv2][query] POST https://www.googleapis.com/oauth2/v3/token [none]
[debug] [2024-06-24T15:47:20.477Z] >>> [apiv2][body] POST https://www.googleapis.com/oauth2/v3/token [omitted]
[debug] [2024-06-24T15:47:20.807Z] <<< [apiv2][status] POST https://www.googleapis.com/oauth2/v3/token 200
[debug] [2024-06-24T15:47:20.808Z] <<< [apiv2][body] POST https://www.googleapis.com/oauth2/v3/token [omitted]
[debug] [2024-06-24T15:47:20.817Z] >>> [apiv2][query] GET https://firebase.googleapis.com/v1beta1/projects pageSize=100
[debug] [2024-06-24T15:47:21.126Z] <<< [apiv2][status] GET https://firebase.googleapis.com/v1beta1/projects 200
[debug] [2024-06-24T15:47:21.127Z] <<< [apiv2][body] GET https://firebase.googleapis.com/v1beta1/projects [omitted]
[info] i  Using project quizz-app-b8f24 (quizz-app) 
[info] 
=== Hosting Setup
[debug] [2024-06-24T15:47:27.690Z] >>> [apiv2][query] GET https://firebase.googleapis.com/v1beta1/projects/quizz-app-b8f24 [none]
[debug] [2024-06-24T15:47:27.973Z] <<< [apiv2][status] GET https://firebase.googleapis.com/v1beta1/projects/quizz-app-b8f24 200
[debug] [2024-06-24T15:47:27.974Z] <<< [apiv2][body] GET https://firebase.googleapis.com/v1beta1/projects/quizz-app-b8f24 {"projectId":"quizz-app-b8f24","projectNumber":"811189866026","displayName":"quizz-app","name":"projects/quizz-app-b8f24","resources":{"hostingSite":"quizz-app-b8f24"},"state":"ACTIVE","etag":"1_629347d4-eac9-4eb1-8be5-b2775965bdcd"}
[info] 
[info] Your public directory is the folder (relative to your project directory) that
[info] will contain Hosting assets to be uploaded with firebase deploy. If you
[info] have a build process for your assets, use your build's output directory.
[info] 
